Mon  6 Apr 09:52:05 BST 2020
============================

- Replace omnivector with std::vector.

modules/pyObjectRef.cc
modules/pyomniFunc.cc


Mon  6 Apr 01:25:17 BST 2020
============================

- Massive merge from 4_3 branch.


Mon 20 Feb 22:51:39 GMT 2017
============================

- Start migrating common code into the omniBase5 library.

mk/beforeauto.mk.in
mk/version.mk


Mon Sep 28 13:58:14 BST 2015
============================

- Support vast messages.

modules/omnipy_sysdep.h
modules/pyTypeCode.cc
modules/pyValueType.cc


Mon Sep 28 13:56:54 BST 2015
============================

Start of the omniORB 5 development branch.
