Mon  6 Apr 09:52:05 BST 2020
============================

- Replace omnivector with std::vector.

include/omniORB4/giopEndpoint.h
include/omniORB4/internal/dynAnyImpl.h
include/omniORB4/internal/giopRope.h
include/omniORB4/internal/giopServer.h
include/omniORB4/internal/objectAdapter.h
include/omniORB4/internal/objectTable.h
include/omniORB4/internal/orbOptions.h
include/omniORB4/internal/poaimpl.h
include/omniORB4/internal/transportRules.h
include/omniORB4/omniInterceptors.h
include/omniORB4/omniServant.h
include/omniORB4/omniutilities.h
src/lib/omniORB/orbcore/corbaOrb.cc
src/lib/omniORB/orbcore/giopEndpoint.cc
src/lib/omniORB/orbcore/giopRope.cc
src/lib/omniORB/orbcore/giopServer.cc
src/lib/omniORB/orbcore/http/httpTransportImpl.cc
src/lib/omniORB/orbcore/http/httpTransportImpl.h
src/lib/omniORB/orbcore/initRefs.cc
src/lib/omniORB/orbcore/objectAdapter.cc
src/lib/omniORB/orbcore/omniInternal.cc
src/lib/omniORB/orbcore/omniServant.cc
src/lib/omniORB/orbcore/orbOptions.cc
src/lib/omniORB/orbcore/poa.cc
src/lib/omniORB/orbcore/ssl/sslTransportImpl.cc
src/lib/omniORB/orbcore/ssl/sslTransportImpl.h
src/lib/omniORB/orbcore/tcp/tcpTransportImpl.cc
src/lib/omniORB/orbcore/tcp/tcpTransportImpl.h
src/lib/omniORB/orbcore/tcpSocket.cc
src/lib/omniORB/orbcore/transportRules.cc
src/lib/omniORB/orbcore/unix/unixTransportImpl.cc
src/lib/omniORB/orbcore/unix/unixTransportImpl.h
src/lib/omniORB/orbcore/uri.cc


Mon  6 Apr 01:25:17 BST 2020
============================

- Massive merge from 4_3 branch.


Mon 20 Feb 22:51:39 GMT 2017
============================

- Start migrating common code into the omniBase5 library.

acinclude.m4
aclocal.m4
configure.ac
configure
contrib/pkgconfig/GNUmakefile.in
contrib/pkgconfig/omniBase5.pc.in
contrib/pkgconfig/omniCOS4.pc.in
contrib/pkgconfig/omniCOS5.pc.in
contrib/pkgconfig/omniCOSDynamic4.pc.in
contrib/pkgconfig/omniCOSDynamic5.pc.in
contrib/pkgconfig/omniConnectionMgmt4.pc.in
contrib/pkgconfig/omniConnectionMgmt5.pc.in
contrib/pkgconfig/omniDynamic4.pc.in
contrib/pkgconfig/omniDynamic5.pc.in
contrib/pkgconfig/omniORB4.pc.in
contrib/pkgconfig/omniORB5.pc.in
contrib/pkgconfig/omniZIOP4.pc.in
contrib/pkgconfig/omniZIOP5.pc.in
contrib/pkgconfig/omniZIOPDynamic4.pc.in
contrib/pkgconfig/omniZIOPDynamic5.pc.in
contrib/pkgconfig/omnithread.pc.in
contrib/pkgconfig/omnithread3.pc.in
include/omniORB4/CORBA_basetypes.h
include/omniORB4/CORBA_sysdep.h
include/omniORB4/GNUmakefile.in
include/omniORB4/acconfig.h.in
include/omniORB4/errorFuncs.h
include/omniORB4/omniInternal.h
include/omniORB4/omniORB.h
mk/beforeauto.mk.in
mk/version.mk
src/lib/omniORB/base
src/lib/omniORB/base/GNUmakefile.in
src/lib/omniORB/base/GNUmakefile
src/lib/omniORB/base/dir.mk
src/lib/omniORB/base/logIOstream.cc
src/lib/omniORB/dir.mk
src/lib/omniORB/orbcore/dir.mk
src/lib/omniORB/orbcore/logIOstream.cc


Mon Sep 28 13:58:14 BST 2015
============================

- Support vast messages.

include/omniORB4/CORBA_sysdep.h
include/omniORB4/cdrStream.h
include/omniORB4/internal/giopStream.h
include/omniORB4/internal/giopStreamImpl.h
include/omniORB4/internal/orbOptions.h
include/omniORB4/internal/orbParameters.h
include/omniORB4/internal/typecode.h
include/omniORB4/internal/valueTrackerImpl.h
include/omniORB4/omniInternal.h
src/lib/omniORB/dynamic/typecode.cc
src/lib/omniORB/dynamic/valueTracker.cc
src/lib/omniORB/dynamic/valueType.cc
src/lib/omniORB/orbcore/cdrMemoryStream.cc
src/lib/omniORB/orbcore/cdrStreamAdapter.cc
src/lib/omniORB/orbcore/cdrValueChunkStream.cc
src/lib/omniORB/orbcore/giopImpl10.cc
src/lib/omniORB/orbcore/giopImpl11.cc
src/lib/omniORB/orbcore/giopImpl12.cc
src/lib/omniORB/orbcore/giopStream.cc
src/lib/omniORB/orbcore/giopStreamImpl.cc
src/lib/omniORB/orbcore/orbOptions.cc


Mon Sep 28 13:56:54 BST 2015
============================

Start of the omniORB 5 development branch.
